<?xml version="1.0" encoding="UTF-8"?>
<testsuite xmlns:xsi="http://www.w3.org/2001/XMLSchema-instance" xsi:noNamespaceSchemaLocation="https://maven.apache.org/surefire/maven-surefire-plugin/xsd/surefire-test-report-3.0.xsd" version="3.0" name="com.example.librarymanagement.LibrarymanagementApplicationTests" time="14.579" tests="1" errors="0" skipped="0" failures="0">
  <properties>
[...]
</properties>
  <testcase name="contextLoads" classname="com.example.librarymanagement.LibrarymanagementApplicationTests" time="1.369">
    <system-out><![CDATA[00:44:58.777 [main] INFO org.springframework.test.context.support.AnnotationConfigContextLoaderUtils -- Could not detect default configuration classes for test class [com.example.librarymanagement.LibrarymanagementApplicationTests]: LibrarymanagementApplicationTests does not declare any static, non-private, non-final, nested classes annotated with @Configuration.
00:44:59.191 [main] INFO org.springframework.boot.test.context.SpringBootTestContextBootstrapper -- Found @SpringBootConfiguration com.example.librarymanagement.LibrarymanagementApplication for test class com.example.librarymanagement.LibrarymanagementApplicationTests

  .   ____          _            __ _ _
 /\\ / ___'_ __ _ _(_)_ __  __ _ \ \ \ \
( ( )\___ | '_ | '_| | '_ \/ _` | \ \ \ \
 \\/  ___)| |_)| | | | | || (_| |  ) ) ) )
  '  |____| .__|_| |_|_| |_\__, | / / / /
 =========|_|==============|___/=/_/_/_/

 :: Spring Boot ::                (v3.3.2)

2024-08-08T00:45:00.529+05:30  INFO 49620 --- [librarymanagement] [           main] c.e.l.LibrarymanagementApplicationTests  : Starting LibrarymanagementApplicationTests using Java 17.0.8 with PID 49620 (started by Ujjwal in C:\Users\Ujjwal\Documents\java_FSE\Week2\SpringBoot\Exercise(9)_project_3\librarymanagement)
2024-08-08T00:45:00.545+05:30  INFO 49620 --- [librarymanagement] [           main] c.e.l.LibrarymanagementApplicationTests  : No active profile set, falling back to 1 default profile: "default"
2024-08-08T00:45:02.876+05:30  INFO 49620 --- [librarymanagement] [           main] .s.d.r.c.RepositoryConfigurationDelegate : Bootstrapping Spring Data JPA repositories in DEFAULT mode.
2024-08-08T00:45:03.131+05:30  INFO 49620 --- [librarymanagement] [           main] .s.d.r.c.RepositoryConfigurationDelegate : Finished Spring Data repository scanning in 213 ms. Found 1 JPA repository interface.
2024-08-08T00:45:04.619+05:30  INFO 49620 --- [librarymanagement] [           main] com.zaxxer.hikari.HikariDataSource       : HikariPool-1 - Starting...
2024-08-08T00:45:05.367+05:30  INFO 49620 --- [librarymanagement] [           main] com.zaxxer.hikari.pool.HikariPool        : HikariPool-1 - Added connection conn0: url=jdbc:h2:mem:testdb user=SA
2024-08-08T00:45:05.377+05:30  INFO 49620 --- [librarymanagement] [           main] com.zaxxer.hikari.HikariDataSource       : HikariPool-1 - Start completed.
2024-08-08T00:45:05.526+05:30  INFO 49620 --- [librarymanagement] [           main] o.hibernate.jpa.internal.util.LogHelper  : HHH000204: Processing PersistenceUnitInfo [name: default]
2024-08-08T00:45:05.716+05:30  INFO 49620 --- [librarymanagement] [           main] org.hibernate.Version                    : HHH000412: Hibernate ORM core version 6.2.5.Final
2024-08-08T00:45:05.716+05:30  INFO 49620 --- [librarymanagement] [           main] org.hibernate.cfg.Environment            : HHH000406: Using bytecode reflection optimizer
2024-08-08T00:45:06.247+05:30  INFO 49620 --- [librarymanagement] [           main] o.h.b.i.BytecodeProviderInitiator        : HHH000021: Bytecode provider name : bytebuddy
2024-08-08T00:45:06.670+05:30  INFO 49620 --- [librarymanagement] [           main] o.s.o.j.p.SpringPersistenceUnitInfo      : No LoadTimeWeaver setup: ignoring JPA class transformer
2024-08-08T00:45:07.265+05:30  INFO 49620 --- [librarymanagement] [           main] o.h.b.i.BytecodeProviderInitiator        : HHH000021: Bytecode provider name : bytebuddy
2024-08-08T00:45:09.043+05:30  INFO 49620 --- [librarymanagement] [           main] o.h.e.t.j.p.i.JtaPlatformInitiator       : HHH000490: Using JtaPlatform implementation: [org.hibernate.engine.transaction.jta.platform.internal.NoJtaPlatform]
2024-08-08T00:45:09.224+05:30  INFO 49620 --- [librarymanagement] [           main] j.LocalContainerEntityManagerFactoryBean : Initialized JPA EntityManagerFactory for persistence unit 'default'
2024-08-08T00:45:10.198+05:30  WARN 49620 --- [librarymanagement] [           main] JpaBaseConfiguration$JpaWebConfiguration : spring.jpa.open-in-view is enabled by default. Therefore, database queries may be performed during view rendering. Explicitly configure spring.jpa.open-in-view to disable this warning
2024-08-08T00:45:11.151+05:30  INFO 49620 --- [librarymanagement] [           main] o.s.b.a.h2.H2ConsoleAutoConfiguration    : H2 console available at '/h2-console'. Database available at 'jdbc:h2:mem:testdb'
2024-08-08T00:45:11.466+05:30  INFO 49620 --- [librarymanagement] [           main] c.e.l.LibrarymanagementApplicationTests  : Started LibrarymanagementApplicationTests in 11.687 seconds (process running for 14.706)
]]></system-out>
  </testcase>
</testsuite>